<?xml version="1.0" encoding="UTF-8"?>
<testsuite xmlns:xsi="http://www.w3.org/2001/XMLSchema-instance" xsi:noNamespaceSchemaLocation="https://maven.apache.org/surefire/maven-surefire-plugin/xsd/surefire-test-report.xsd" name="com.siddhu.SimpleSpringbootSwaggerCodegenApplicationTests" time="5.393" tests="1" errors="0" skipped="0" failures="0">
  <properties>
    <property name="sun.desktop" value="windows"/>
    <property name="awt.toolkit" value="sun.awt.windows.WToolkit"/>
    <property name="java.specification.version" value="11"/>
    <property name="sun.cpu.isalist" value="amd64"/>
    <property name="sun.jnu.encoding" value="Cp1252"/>
    <property name="java.class.path" value="C:\STS-Workspace\simple-springboot-swagger-codegen\target\test-classes;C:\STS-Workspace\simple-springboot-swagger-codegen\target\classes;C:\Users\Siddhartha\.m2\repository\org\springframework\boot\spring-boot-starter\2.6.0-SNAPSHOT\spring-boot-starter-2.6.0-SNAPSHOT.jar;C:\Users\Siddhartha\.m2\repository\org\springframework\boot\spring-boot\2.6.0-SNAPSHOT\spring-boot-2.6.0-SNAPSHOT.jar;C:\Users\Siddhartha\.m2\repository\org\springframework\spring-context\5.3.9-SNAPSHOT\spring-context-5.3.9-SNAPSHOT.jar;C:\Users\Siddhartha\.m2\repository\org\springframework\boot\spring-boot-autoconfigure\2.6.0-SNAPSHOT\spring-boot-autoconfigure-2.6.0-SNAPSHOT.jar;C:\Users\Siddhartha\.m2\repository\org\springframework\boot\spring-boot-starter-logging\2.6.0-SNAPSHOT\spring-boot-starter-logging-2.6.0-SNAPSHOT.jar;C:\Users\Siddhartha\.m2\repository\ch\qos\logback\logback-classic\1.2.3\logback-classic-1.2.3.jar;C:\Users\Siddhartha\.m2\repository\ch\qos\logback\logback-core\1.2.3\logback-core-1.2.3.jar;C:\Users\Siddhartha\.m2\repository\org\apache\logging\log4j\log4j-to-slf4j\2.14.1\log4j-to-slf4j-2.14.1.jar;C:\Users\Siddhartha\.m2\repository\org\apache\logging\log4j\log4j-api\2.14.1\log4j-api-2.14.1.jar;C:\Users\Siddhartha\.m2\repository\org\slf4j\jul-to-slf4j\1.7.31\jul-to-slf4j-1.7.31.jar;C:\Users\Siddhartha\.m2\repository\jakarta\annotation\jakarta.annotation-api\1.3.5\jakarta.annotation-api-1.3.5.jar;C:\Users\Siddhartha\.m2\repository\org\springframework\spring-core\5.3.9-SNAPSHOT\spring-core-5.3.9-SNAPSHOT.jar;C:\Users\Siddhartha\.m2\repository\org\springframework\spring-jcl\5.3.9-SNAPSHOT\spring-jcl-5.3.9-SNAPSHOT.jar;C:\Users\Siddhartha\.m2\repository\org\yaml\snakeyaml\1.29\snakeyaml-1.29.jar;C:\Users\Siddhartha\.m2\repository\io\swagger\swagger-codegen-maven-plugin\2.4.21\swagger-codegen-maven-plugin-2.4.21.jar;C:\Users\Siddhartha\.m2\repository\org\apache\maven\maven-core\3.2.5\maven-core-3.2.5.jar;C:\Users\Siddhartha\.m2\repository\org\apache\maven\maven-model\3.2.5\maven-model-3.2.5.jar;C:\Users\Siddhartha\.m2\repository\org\apache\maven\maven-settings\3.2.5\maven-settings-3.2.5.jar;C:\Users\Siddhartha\.m2\repository\org\apache\maven\maven-settings-builder\3.2.5\maven-settings-builder-3.2.5.jar;C:\Users\Siddhartha\.m2\repository\org\apache\maven\maven-repository-metadata\3.2.5\maven-repository-metadata-3.2.5.jar;C:\Users\Siddhartha\.m2\repository\org\apache\maven\maven-artifact\3.2.5\maven-artifact-3.2.5.jar;C:\Users\Siddhartha\.m2\repository\org\apache\maven\maven-model-builder\3.2.5\maven-model-builder-3.2.5.jar;C:\Users\Siddhartha\.m2\repository\org\apache\maven\maven-aether-provider\3.2.5\maven-aether-provider-3.2.5.jar;C:\Users\Siddhartha\.m2\repository\org\eclipse\aether\aether-spi\1.0.0.v20140518\aether-spi-1.0.0.v20140518.jar;C:\Users\Siddhartha\.m2\repository\org\eclipse\aether\aether-impl\1.0.0.v20140518\aether-impl-1.0.0.v20140518.jar;C:\Users\Siddhartha\.m2\repository\org\eclipse\aether\aether-api\1.0.0.v20140518\aether-api-1.0.0.v20140518.jar;C:\Users\Siddhartha\.m2\repository\org\eclipse\aether\aether-util\1.0.0.v20140518\aether-util-1.0.0.v20140518.jar;C:\Users\Siddhartha\.m2\repository\org\eclipse\sisu\org.eclipse.sisu.plexus\0.3.0.M1\org.eclipse.sisu.plexus-0.3.0.M1.jar;C:\Users\Siddhartha\.m2\repository\javax\enterprise\cdi-api\1.0\cdi-api-1.0.jar;C:\Users\Siddhartha\.m2\repository\javax\annotation\jsr250-api\1.0\jsr250-api-1.0.jar;C:\Users\Siddhartha\.m2\repository\org\eclipse\sisu\org.eclipse.sisu.inject\0.3.0.M1\org.eclipse.sisu.inject-0.3.0.M1.jar;C:\Users\Siddhartha\.m2\repository\org\sonatype\sisu\sisu-guice\3.2.3\sisu-guice-3.2.3-no_aop.jar;C:\Users\Siddhartha\.m2\repository\javax\inject\javax.inject\1\javax.inject-1.jar;C:\Users\Siddhartha\.m2\repository\aopalliance\aopalliance\1.0\aopalliance-1.0.jar;C:\Users\Siddhartha\.m2\repository\org\codehaus\plexus\plexus-interpolation\1.21\plexus-interpolation-1.21.jar;C:\Users\Siddhartha\.m2\repository\org\codehaus\plexus\plexus-utils\3.0.20\plexus-utils-3.0.20.jar;C:\Users\Siddhartha\.m2\repository\org\codehaus\plexus\plexus-classworlds\2.5.2\plexus-classworlds-2.5.2.jar;C:\Users\Siddhartha\.m2\repository\org\codehaus\plexus\plexus-component-annotations\1.5.5\plexus-component-annotations-1.5.5.jar;C:\Users\Siddhartha\.m2\repository\org\sonatype\plexus\plexus-sec-dispatcher\1.3\plexus-sec-dispatcher-1.3.jar;C:\Users\Siddhartha\.m2\repository\org\sonatype\plexus\plexus-cipher\1.4\plexus-cipher-1.4.jar;C:\Users\Siddhartha\.m2\repository\org\apache\maven\maven-compat\3.2.5\maven-compat-3.2.5.jar;C:\Users\Siddhartha\.m2\repository\org\apache\maven\wagon\wagon-provider-api\2.8\wagon-provider-api-2.8.jar;C:\Users\Siddhartha\.m2\repository\org\apache\maven\maven-plugin-api\3.2.5\maven-plugin-api-3.2.5.jar;C:\Users\Siddhartha\.m2\repository\org\apache\maven\plugin-tools\maven-plugin-annotations\3.4\maven-plugin-annotations-3.4.jar;C:\Users\Siddhartha\.m2\repository\io\swagger\swagger-codegen\2.4.21\swagger-codegen-2.4.21.jar;C:\Users\Siddhartha\.m2\repository\io\swagger\swagger-parser\1.0.55\swagger-parser-1.0.55.jar;C:\Users\Siddhartha\.m2\repository\io\swagger\swagger-compat-spec-parser\1.0.55\swagger-compat-spec-parser-1.0.55.jar;C:\Users\Siddhartha\.m2\repository\com\github\java-json-tools\json-schema-validator\2.2.14\json-schema-validator-2.2.14.jar;C:\Users\Siddhartha\.m2\repository\com\github\java-json-tools\jackson-coreutils-equivalence\1.0\jackson-coreutils-equivalence-1.0.jar;C:\Users\Siddhartha\.m2\repository\com\github\java-json-tools\json-schema-core\1.2.14\json-schema-core-1.2.14.jar;C:\Users\Siddhartha\.m2\repository\com\github\java-json-tools\uri-template\0.10\uri-template-0.10.jar;C:\Users\Siddhartha\.m2\repository\org\mozilla\rhino\1.7.7.2\rhino-1.7.7.2.jar;C:\Users\Siddhartha\.m2\repository\com\sun\mail\mailapi\1.6.2\mailapi-1.6.2.jar;C:\Users\Siddhartha\.m2\repository\joda-time\joda-time\2.10.5\joda-time-2.10.5.jar;C:\Users\Siddhartha\.m2\repository\com\googlecode\libphonenumber\libphonenumber\8.11.1\libphonenumber-8.11.1.jar;C:\Users\Siddhartha\.m2\repository\com\google\code\findbugs\jsr305\3.0.2\jsr305-3.0.2.jar;C:\Users\Siddhartha\.m2\repository\net\sf\jopt-simple\jopt-simple\5.0.4\jopt-simple-5.0.4.jar;C:\Users\Siddhartha\.m2\repository\com\github\java-json-tools\json-patch\1.13\json-patch-1.13.jar;C:\Users\Siddhartha\.m2\repository\com\github\java-json-tools\msg-simple\1.2\msg-simple-1.2.jar;C:\Users\Siddhartha\.m2\repository\com\github\java-json-tools\btf\1.3\btf-1.3.jar;C:\Users\Siddhartha\.m2\repository\com\github\java-json-tools\jackson-coreutils\2.0\jackson-coreutils-2.0.jar;C:\Users\Siddhartha\.m2\repository\org\apache\httpcomponents\httpclient\4.5.13\httpclient-4.5.13.jar;C:\Users\Siddhartha\.m2\repository\org\apache\httpcomponents\httpcore\4.4.14\httpcore-4.4.14.jar;C:\Users\Siddhartha\.m2\repository\commons-codec\commons-codec\1.15\commons-codec-1.15.jar;C:\Users\Siddhartha\.m2\repository\io\swagger\swagger-core\1.6.2\swagger-core-1.6.2.jar;C:\Users\Siddhartha\.m2\repository\com\fasterxml\jackson\dataformat\jackson-dataformat-yaml\2.12.4\jackson-dataformat-yaml-2.12.4.jar;C:\Users\Siddhartha\.m2\repository\javax\validation\validation-api\2.0.1.Final\validation-api-2.0.1.Final.jar;C:\Users\Siddhartha\.m2\repository\com\samskivert\jmustache\1.15\jmustache-1.15.jar;C:\Users\Siddhartha\.m2\repository\commons-io\commons-io\2.4\commons-io-2.4.jar;C:\Users\Siddhartha\.m2\repository\org\slf4j\slf4j-ext\1.7.31\slf4j-ext-1.7.31.jar;C:\Users\Siddhartha\.m2\repository\org\slf4j\slf4j-simple\1.7.31\slf4j-simple-1.7.31.jar;C:\Users\Siddhartha\.m2\repository\org\apache\commons\commons-lang3\3.12.0\commons-lang3-3.12.0.jar;C:\Users\Siddhartha\.m2\repository\commons-cli\commons-cli\1.2\commons-cli-1.2.jar;C:\Users\Siddhartha\.m2\repository\org\json\json\20210307\json-20210307.jar;C:\Users\Siddhartha\.m2\repository\com\atlassian\commonmark\commonmark\0.9.0\commonmark-0.9.0.jar;C:\Users\Siddhartha\.m2\repository\org\springframework\boot\spring-boot-starter-web\2.6.0-SNAPSHOT\spring-boot-starter-web-2.6.0-SNAPSHOT.jar;C:\Users\Siddhartha\.m2\repository\org\springframework\boot\spring-boot-starter-json\2.6.0-SNAPSHOT\spring-boot-starter-json-2.6.0-SNAPSHOT.jar;C:\Users\Siddhartha\.m2\repository\com\fasterxml\jackson\datatype\jackson-datatype-jdk8\2.12.4\jackson-datatype-jdk8-2.12.4.jar;C:\Users\Siddhartha\.m2\repository\com\fasterxml\jackson\datatype\jackson-datatype-jsr310\2.12.4\jackson-datatype-jsr310-2.12.4.jar;C:\Users\Siddhartha\.m2\repository\com\fasterxml\jackson\module\jackson-module-parameter-names\2.12.4\jackson-module-parameter-names-2.12.4.jar;C:\Users\Siddhartha\.m2\repository\org\springframework\boot\spring-boot-starter-tomcat\2.6.0-SNAPSHOT\spring-boot-starter-tomcat-2.6.0-SNAPSHOT.jar;C:\Users\Siddhartha\.m2\repository\org\apache\tomcat\embed\tomcat-embed-core\9.0.50\tomcat-embed-core-9.0.50.jar;C:\Users\Siddhartha\.m2\repository\org\apache\tomcat\embed\tomcat-embed-el\9.0.50\tomcat-embed-el-9.0.50.jar;C:\Users\Siddhartha\.m2\repository\org\apache\tomcat\embed\tomcat-embed-websocket\9.0.50\tomcat-embed-websocket-9.0.50.jar;C:\Users\Siddhartha\.m2\repository\org\springframework\spring-web\5.3.9-SNAPSHOT\spring-web-5.3.9-SNAPSHOT.jar;C:\Users\Siddhartha\.m2\repository\org\springframework\spring-beans\5.3.9-SNAPSHOT\spring-beans-5.3.9-SNAPSHOT.jar;C:\Users\Siddhartha\.m2\repository\org\springframework\spring-webmvc\5.3.9-SNAPSHOT\spring-webmvc-5.3.9-SNAPSHOT.jar;C:\Users\Siddhartha\.m2\repository\org\springframework\spring-aop\5.3.9-SNAPSHOT\spring-aop-5.3.9-SNAPSHOT.jar;C:\Users\Siddhartha\.m2\repository\org\springframework\spring-expression\5.3.9-SNAPSHOT\spring-expression-5.3.9-SNAPSHOT.jar;C:\Users\Siddhartha\.m2\repository\io\springfox\springfox-swagger2\2.7.0\springfox-swagger2-2.7.0.jar;C:\Users\Siddhartha\.m2\repository\io\swagger\swagger-annotations\1.5.13\swagger-annotations-1.5.13.jar;C:\Users\Siddhartha\.m2\repository\io\swagger\swagger-models\1.5.13\swagger-models-1.5.13.jar;C:\Users\Siddhartha\.m2\repository\com\fasterxml\jackson\core\jackson-annotations\2.12.4\jackson-annotations-2.12.4.jar;C:\Users\Siddhartha\.m2\repository\io\springfox\springfox-spi\2.7.0\springfox-spi-2.7.0.jar;C:\Users\Siddhartha\.m2\repository\io\springfox\springfox-core\2.7.0\springfox-core-2.7.0.jar;C:\Users\Siddhartha\.m2\repository\io\springfox\springfox-schema\2.7.0\springfox-schema-2.7.0.jar;C:\Users\Siddhartha\.m2\repository\io\springfox\springfox-swagger-common\2.7.0\springfox-swagger-common-2.7.0.jar;C:\Users\Siddhartha\.m2\repository\io\springfox\springfox-spring-web\2.7.0\springfox-spring-web-2.7.0.jar;C:\Users\Siddhartha\.m2\repository\org\reflections\reflections\0.9.11\reflections-0.9.11.jar;C:\Users\Siddhartha\.m2\repository\org\javassist\javassist\3.21.0-GA\javassist-3.21.0-GA.jar;C:\Users\Siddhartha\.m2\repository\com\google\guava\guava\18.0\guava-18.0.jar;C:\Users\Siddhartha\.m2\repository\com\fasterxml\classmate\1.5.1\classmate-1.5.1.jar;C:\Users\Siddhartha\.m2\repository\org\slf4j\slf4j-api\1.7.31\slf4j-api-1.7.31.jar;C:\Users\Siddhartha\.m2\repository\org\springframework\plugin\spring-plugin-core\1.2.0.RELEASE\spring-plugin-core-1.2.0.RELEASE.jar;C:\Users\Siddhartha\.m2\repository\org\springframework\plugin\spring-plugin-metadata\1.2.0.RELEASE\spring-plugin-metadata-1.2.0.RELEASE.jar;C:\Users\Siddhartha\.m2\repository\org\mapstruct\mapstruct\1.1.0.Final\mapstruct-1.1.0.Final.jar;C:\Users\Siddhartha\.m2\repository\io\springfox\springfox-swagger-ui\2.7.0\springfox-swagger-ui-2.7.0.jar;C:\Users\Siddhartha\.m2\repository\javax\xml\bind\jaxb-api\2.3.1\jaxb-api-2.3.1.jar;C:\Users\Siddhartha\.m2\repository\javax\activation\javax.activation-api\1.2.0\javax.activation-api-1.2.0.jar;C:\Users\Siddhartha\.m2\repository\com\github\joschi\jackson\jackson-datatype-threetenbp\2.6.4\jackson-datatype-threetenbp-2.6.4.jar;C:\Users\Siddhartha\.m2\repository\org\threeten\threetenbp\1.3.1\threetenbp-1.3.1.jar;C:\Users\Siddhartha\.m2\repository\com\fasterxml\jackson\core\jackson-core\2.12.4\jackson-core-2.12.4.jar;C:\Users\Siddhartha\.m2\repository\com\fasterxml\jackson\core\jackson-databind\2.12.4\jackson-databind-2.12.4.jar;C:\Users\Siddhartha\.m2\repository\org\springframework\boot\spring-boot-starter-test\2.6.0-SNAPSHOT\spring-boot-starter-test-2.6.0-SNAPSHOT.jar;C:\Users\Siddhartha\.m2\repository\org\springframework\boot\spring-boot-test\2.6.0-SNAPSHOT\spring-boot-test-2.6.0-SNAPSHOT.jar;C:\Users\Siddhartha\.m2\repository\org\springframework\boot\spring-boot-test-autoconfigure\2.6.0-SNAPSHOT\spring-boot-test-autoconfigure-2.6.0-SNAPSHOT.jar;C:\Users\Siddhartha\.m2\repository\com\jayway\jsonpath\json-path\2.6.0\json-path-2.6.0.jar;C:\Users\Siddhartha\.m2\repository\net\minidev\json-smart\2.4.7\json-smart-2.4.7.jar;C:\Users\Siddhartha\.m2\repository\net\minidev\accessors-smart\2.4.7\accessors-smart-2.4.7.jar;C:\Users\Siddhartha\.m2\repository\org\ow2\asm\asm\9.1\asm-9.1.jar;C:\Users\Siddhartha\.m2\repository\jakarta\xml\bind\jakarta.xml.bind-api\2.3.3\jakarta.xml.bind-api-2.3.3.jar;C:\Users\Siddhartha\.m2\repository\jakarta\activation\jakarta.activation-api\1.2.2\jakarta.activation-api-1.2.2.jar;C:\Users\Siddhartha\.m2\repository\org\assertj\assertj-core\3.20.2\assertj-core-3.20.2.jar;C:\Users\Siddhartha\.m2\repository\org\hamcrest\hamcrest\2.2\hamcrest-2.2.jar;C:\Users\Siddhartha\.m2\repository\org\junit\jupiter\junit-jupiter\5.7.2\junit-jupiter-5.7.2.jar;C:\Users\Siddhartha\.m2\repository\org\junit\jupiter\junit-jupiter-api\5.7.2\junit-jupiter-api-5.7.2.jar;C:\Users\Siddhartha\.m2\repository\org\apiguardian\apiguardian-api\1.1.0\apiguardian-api-1.1.0.jar;C:\Users\Siddhartha\.m2\repository\org\opentest4j\opentest4j\1.2.0\opentest4j-1.2.0.jar;C:\Users\Siddhartha\.m2\repository\org\junit\platform\junit-platform-commons\1.7.2\junit-platform-commons-1.7.2.jar;C:\Users\Siddhartha\.m2\repository\org\junit\jupiter\junit-jupiter-params\5.7.2\junit-jupiter-params-5.7.2.jar;C:\Users\Siddhartha\.m2\repository\org\junit\jupiter\junit-jupiter-engine\5.7.2\junit-jupiter-engine-5.7.2.jar;C:\Users\Siddhartha\.m2\repository\org\junit\platform\junit-platform-engine\1.7.2\junit-platform-engine-1.7.2.jar;C:\Users\Siddhartha\.m2\repository\org\mockito\mockito-core\3.11.2\mockito-core-3.11.2.jar;C:\Users\Siddhartha\.m2\repository\net\bytebuddy\byte-buddy\1.11.6\byte-buddy-1.11.6.jar;C:\Users\Siddhartha\.m2\repository\net\bytebuddy\byte-buddy-agent\1.11.6\byte-buddy-agent-1.11.6.jar;C:\Users\Siddhartha\.m2\repository\org\objenesis\objenesis\3.2\objenesis-3.2.jar;C:\Users\Siddhartha\.m2\repository\org\mockito\mockito-junit-jupiter\3.11.2\mockito-junit-jupiter-3.11.2.jar;C:\Users\Siddhartha\.m2\repository\org\skyscreamer\jsonassert\1.5.0\jsonassert-1.5.0.jar;C:\Users\Siddhartha\.m2\repository\com\vaadin\external\google\android-json\0.0.20131108.vaadin1\android-json-0.0.20131108.vaadin1.jar;C:\Users\Siddhartha\.m2\repository\org\springframework\spring-test\5.3.9-SNAPSHOT\spring-test-5.3.9-SNAPSHOT.jar;C:\Users\Siddhartha\.m2\repository\org\xmlunit\xmlunit-core\2.8.2\xmlunit-core-2.8.2.jar;"/>
    <property name="java.vm.vendor" value="Oracle Corporation"/>
    <property name="sun.arch.data.model" value="64"/>
    <property name="user.variant" value=""/>
    <property name="java.vendor.url" value="https://openjdk.java.net/"/>
    <property name="user.timezone" value="Asia/Calcutta"/>
    <property name="java.vm.specification.version" value="11"/>
    <property name="os.name" value="Windows 10"/>
    <property name="sun.java.launcher" value="SUN_STANDARD"/>
    <property name="user.country" value="US"/>
    <property name="sun.boot.library.path" value="C:\Program Files\Java\jdk-11.0.10\bin"/>
    <property name="sun.java.command" value="C:\Users\SIDDHA~1\AppData\Local\Temp\surefire3613843172736012375\surefirebooter17258563048808589197.jar C:\Users\Siddhartha\AppData\Local\Temp\surefire3613843172736012375 2021-07-14T18-16-34_764-jvmRun1 surefire11234987021634311071tmp surefire_06649667953271540341tmp"/>
    <property name="jdk.debug" value="release"/>
    <property name="surefire.test.class.path" value="C:\STS-Workspace\simple-springboot-swagger-codegen\target\test-classes;C:\STS-Workspace\simple-springboot-swagger-codegen\target\classes;C:\Users\Siddhartha\.m2\repository\org\springframework\boot\spring-boot-starter\2.6.0-SNAPSHOT\spring-boot-starter-2.6.0-SNAPSHOT.jar;C:\Users\Siddhartha\.m2\repository\org\springframework\boot\spring-boot\2.6.0-SNAPSHOT\spring-boot-2.6.0-SNAPSHOT.jar;C:\Users\Siddhartha\.m2\repository\org\springframework\spring-context\5.3.9-SNAPSHOT\spring-context-5.3.9-SNAPSHOT.jar;C:\Users\Siddhartha\.m2\repository\org\springframework\boot\spring-boot-autoconfigure\2.6.0-SNAPSHOT\spring-boot-autoconfigure-2.6.0-SNAPSHOT.jar;C:\Users\Siddhartha\.m2\repository\org\springframework\boot\spring-boot-starter-logging\2.6.0-SNAPSHOT\spring-boot-starter-logging-2.6.0-SNAPSHOT.jar;C:\Users\Siddhartha\.m2\repository\ch\qos\logback\logback-classic\1.2.3\logback-classic-1.2.3.jar;C:\Users\Siddhartha\.m2\repository\ch\qos\logback\logback-core\1.2.3\logback-core-1.2.3.jar;C:\Users\Siddhartha\.m2\repository\org\apache\logging\log4j\log4j-to-slf4j\2.14.1\log4j-to-slf4j-2.14.1.jar;C:\Users\Siddhartha\.m2\repository\org\apache\logging\log4j\log4j-api\2.14.1\log4j-api-2.14.1.jar;C:\Users\Siddhartha\.m2\repository\org\slf4j\jul-to-slf4j\1.7.31\jul-to-slf4j-1.7.31.jar;C:\Users\Siddhartha\.m2\repository\jakarta\annotation\jakarta.annotation-api\1.3.5\jakarta.annotation-api-1.3.5.jar;C:\Users\Siddhartha\.m2\repository\org\springframework\spring-core\5.3.9-SNAPSHOT\spring-core-5.3.9-SNAPSHOT.jar;C:\Users\Siddhartha\.m2\repository\org\springframework\spring-jcl\5.3.9-SNAPSHOT\spring-jcl-5.3.9-SNAPSHOT.jar;C:\Users\Siddhartha\.m2\repository\org\yaml\snakeyaml\1.29\snakeyaml-1.29.jar;C:\Users\Siddhartha\.m2\repository\io\swagger\swagger-codegen-maven-plugin\2.4.21\swagger-codegen-maven-plugin-2.4.21.jar;C:\Users\Siddhartha\.m2\repository\org\apache\maven\maven-core\3.2.5\maven-core-3.2.5.jar;C:\Users\Siddhartha\.m2\repository\org\apache\maven\maven-model\3.2.5\maven-model-3.2.5.jar;C:\Users\Siddhartha\.m2\repository\org\apache\maven\maven-settings\3.2.5\maven-settings-3.2.5.jar;C:\Users\Siddhartha\.m2\repository\org\apache\maven\maven-settings-builder\3.2.5\maven-settings-builder-3.2.5.jar;C:\Users\Siddhartha\.m2\repository\org\apache\maven\maven-repository-metadata\3.2.5\maven-repository-metadata-3.2.5.jar;C:\Users\Siddhartha\.m2\repository\org\apache\maven\maven-artifact\3.2.5\maven-artifact-3.2.5.jar;C:\Users\Siddhartha\.m2\repository\org\apache\maven\maven-model-builder\3.2.5\maven-model-builder-3.2.5.jar;C:\Users\Siddhartha\.m2\repository\org\apache\maven\maven-aether-provider\3.2.5\maven-aether-provider-3.2.5.jar;C:\Users\Siddhartha\.m2\repository\org\eclipse\aether\aether-spi\1.0.0.v20140518\aether-spi-1.0.0.v20140518.jar;C:\Users\Siddhartha\.m2\repository\org\eclipse\aether\aether-impl\1.0.0.v20140518\aether-impl-1.0.0.v20140518.jar;C:\Users\Siddhartha\.m2\repository\org\eclipse\aether\aether-api\1.0.0.v20140518\aether-api-1.0.0.v20140518.jar;C:\Users\Siddhartha\.m2\repository\org\eclipse\aether\aether-util\1.0.0.v20140518\aether-util-1.0.0.v20140518.jar;C:\Users\Siddhartha\.m2\repository\org\eclipse\sisu\org.eclipse.sisu.plexus\0.3.0.M1\org.eclipse.sisu.plexus-0.3.0.M1.jar;C:\Users\Siddhartha\.m2\repository\javax\enterprise\cdi-api\1.0\cdi-api-1.0.jar;C:\Users\Siddhartha\.m2\repository\javax\annotation\jsr250-api\1.0\jsr250-api-1.0.jar;C:\Users\Siddhartha\.m2\repository\org\eclipse\sisu\org.eclipse.sisu.inject\0.3.0.M1\org.eclipse.sisu.inject-0.3.0.M1.jar;C:\Users\Siddhartha\.m2\repository\org\sonatype\sisu\sisu-guice\3.2.3\sisu-guice-3.2.3-no_aop.jar;C:\Users\Siddhartha\.m2\repository\javax\inject\javax.inject\1\javax.inject-1.jar;C:\Users\Siddhartha\.m2\repository\aopalliance\aopalliance\1.0\aopalliance-1.0.jar;C:\Users\Siddhartha\.m2\repository\org\codehaus\plexus\plexus-interpolation\1.21\plexus-interpolation-1.21.jar;C:\Users\Siddhartha\.m2\repository\org\codehaus\plexus\plexus-utils\3.0.20\plexus-utils-3.0.20.jar;C:\Users\Siddhartha\.m2\repository\org\codehaus\plexus\plexus-classworlds\2.5.2\plexus-classworlds-2.5.2.jar;C:\Users\Siddhartha\.m2\repository\org\codehaus\plexus\plexus-component-annotations\1.5.5\plexus-component-annotations-1.5.5.jar;C:\Users\Siddhartha\.m2\repository\org\sonatype\plexus\plexus-sec-dispatcher\1.3\plexus-sec-dispatcher-1.3.jar;C:\Users\Siddhartha\.m2\repository\org\sonatype\plexus\plexus-cipher\1.4\plexus-cipher-1.4.jar;C:\Users\Siddhartha\.m2\repository\org\apache\maven\maven-compat\3.2.5\maven-compat-3.2.5.jar;C:\Users\Siddhartha\.m2\repository\org\apache\maven\wagon\wagon-provider-api\2.8\wagon-provider-api-2.8.jar;C:\Users\Siddhartha\.m2\repository\org\apache\maven\maven-plugin-api\3.2.5\maven-plugin-api-3.2.5.jar;C:\Users\Siddhartha\.m2\repository\org\apache\maven\plugin-tools\maven-plugin-annotations\3.4\maven-plugin-annotations-3.4.jar;C:\Users\Siddhartha\.m2\repository\io\swagger\swagger-codegen\2.4.21\swagger-codegen-2.4.21.jar;C:\Users\Siddhartha\.m2\repository\io\swagger\swagger-parser\1.0.55\swagger-parser-1.0.55.jar;C:\Users\Siddhartha\.m2\repository\io\swagger\swagger-compat-spec-parser\1.0.55\swagger-compat-spec-parser-1.0.55.jar;C:\Users\Siddhartha\.m2\repository\com\github\java-json-tools\json-schema-validator\2.2.14\json-schema-validator-2.2.14.jar;C:\Users\Siddhartha\.m2\repository\com\github\java-json-tools\jackson-coreutils-equivalence\1.0\jackson-coreutils-equivalence-1.0.jar;C:\Users\Siddhartha\.m2\repository\com\github\java-json-tools\json-schema-core\1.2.14\json-schema-core-1.2.14.jar;C:\Users\Siddhartha\.m2\repository\com\github\java-json-tools\uri-template\0.10\uri-template-0.10.jar;C:\Users\Siddhartha\.m2\repository\org\mozilla\rhino\1.7.7.2\rhino-1.7.7.2.jar;C:\Users\Siddhartha\.m2\repository\com\sun\mail\mailapi\1.6.2\mailapi-1.6.2.jar;C:\Users\Siddhartha\.m2\repository\joda-time\joda-time\2.10.5\joda-time-2.10.5.jar;C:\Users\Siddhartha\.m2\repository\com\googlecode\libphonenumber\libphonenumber\8.11.1\libphonenumber-8.11.1.jar;C:\Users\Siddhartha\.m2\repository\com\google\code\findbugs\jsr305\3.0.2\jsr305-3.0.2.jar;C:\Users\Siddhartha\.m2\repository\net\sf\jopt-simple\jopt-simple\5.0.4\jopt-simple-5.0.4.jar;C:\Users\Siddhartha\.m2\repository\com\github\java-json-tools\json-patch\1.13\json-patch-1.13.jar;C:\Users\Siddhartha\.m2\repository\com\github\java-json-tools\msg-simple\1.2\msg-simple-1.2.jar;C:\Users\Siddhartha\.m2\repository\com\github\java-json-tools\btf\1.3\btf-1.3.jar;C:\Users\Siddhartha\.m2\repository\com\github\java-json-tools\jackson-coreutils\2.0\jackson-coreutils-2.0.jar;C:\Users\Siddhartha\.m2\repository\org\apache\httpcomponents\httpclient\4.5.13\httpclient-4.5.13.jar;C:\Users\Siddhartha\.m2\repository\org\apache\httpcomponents\httpcore\4.4.14\httpcore-4.4.14.jar;C:\Users\Siddhartha\.m2\repository\commons-codec\commons-codec\1.15\commons-codec-1.15.jar;C:\Users\Siddhartha\.m2\repository\io\swagger\swagger-core\1.6.2\swagger-core-1.6.2.jar;C:\Users\Siddhartha\.m2\repository\com\fasterxml\jackson\dataformat\jackson-dataformat-yaml\2.12.4\jackson-dataformat-yaml-2.12.4.jar;C:\Users\Siddhartha\.m2\repository\javax\validation\validation-api\2.0.1.Final\validation-api-2.0.1.Final.jar;C:\Users\Siddhartha\.m2\repository\com\samskivert\jmustache\1.15\jmustache-1.15.jar;C:\Users\Siddhartha\.m2\repository\commons-io\commons-io\2.4\commons-io-2.4.jar;C:\Users\Siddhartha\.m2\repository\org\slf4j\slf4j-ext\1.7.31\slf4j-ext-1.7.31.jar;C:\Users\Siddhartha\.m2\repository\org\slf4j\slf4j-simple\1.7.31\slf4j-simple-1.7.31.jar;C:\Users\Siddhartha\.m2\repository\org\apache\commons\commons-lang3\3.12.0\commons-lang3-3.12.0.jar;C:\Users\Siddhartha\.m2\repository\commons-cli\commons-cli\1.2\commons-cli-1.2.jar;C:\Users\Siddhartha\.m2\repository\org\json\json\20210307\json-20210307.jar;C:\Users\Siddhartha\.m2\repository\com\atlassian\commonmark\commonmark\0.9.0\commonmark-0.9.0.jar;C:\Users\Siddhartha\.m2\repository\org\springframework\boot\spring-boot-starter-web\2.6.0-SNAPSHOT\spring-boot-starter-web-2.6.0-SNAPSHOT.jar;C:\Users\Siddhartha\.m2\repository\org\springframework\boot\spring-boot-starter-json\2.6.0-SNAPSHOT\spring-boot-starter-json-2.6.0-SNAPSHOT.jar;C:\Users\Siddhartha\.m2\repository\com\fasterxml\jackson\datatype\jackson-datatype-jdk8\2.12.4\jackson-datatype-jdk8-2.12.4.jar;C:\Users\Siddhartha\.m2\repository\com\fasterxml\jackson\datatype\jackson-datatype-jsr310\2.12.4\jackson-datatype-jsr310-2.12.4.jar;C:\Users\Siddhartha\.m2\repository\com\fasterxml\jackson\module\jackson-module-parameter-names\2.12.4\jackson-module-parameter-names-2.12.4.jar;C:\Users\Siddhartha\.m2\repository\org\springframework\boot\spring-boot-starter-tomcat\2.6.0-SNAPSHOT\spring-boot-starter-tomcat-2.6.0-SNAPSHOT.jar;C:\Users\Siddhartha\.m2\repository\org\apache\tomcat\embed\tomcat-embed-core\9.0.50\tomcat-embed-core-9.0.50.jar;C:\Users\Siddhartha\.m2\repository\org\apache\tomcat\embed\tomcat-embed-el\9.0.50\tomcat-embed-el-9.0.50.jar;C:\Users\Siddhartha\.m2\repository\org\apache\tomcat\embed\tomcat-embed-websocket\9.0.50\tomcat-embed-websocket-9.0.50.jar;C:\Users\Siddhartha\.m2\repository\org\springframework\spring-web\5.3.9-SNAPSHOT\spring-web-5.3.9-SNAPSHOT.jar;C:\Users\Siddhartha\.m2\repository\org\springframework\spring-beans\5.3.9-SNAPSHOT\spring-beans-5.3.9-SNAPSHOT.jar;C:\Users\Siddhartha\.m2\repository\org\springframework\spring-webmvc\5.3.9-SNAPSHOT\spring-webmvc-5.3.9-SNAPSHOT.jar;C:\Users\Siddhartha\.m2\repository\org\springframework\spring-aop\5.3.9-SNAPSHOT\spring-aop-5.3.9-SNAPSHOT.jar;C:\Users\Siddhartha\.m2\repository\org\springframework\spring-expression\5.3.9-SNAPSHOT\spring-expression-5.3.9-SNAPSHOT.jar;C:\Users\Siddhartha\.m2\repository\io\springfox\springfox-swagger2\2.7.0\springfox-swagger2-2.7.0.jar;C:\Users\Siddhartha\.m2\repository\io\swagger\swagger-annotations\1.5.13\swagger-annotations-1.5.13.jar;C:\Users\Siddhartha\.m2\repository\io\swagger\swagger-models\1.5.13\swagger-models-1.5.13.jar;C:\Users\Siddhartha\.m2\repository\com\fasterxml\jackson\core\jackson-annotations\2.12.4\jackson-annotations-2.12.4.jar;C:\Users\Siddhartha\.m2\repository\io\springfox\springfox-spi\2.7.0\springfox-spi-2.7.0.jar;C:\Users\Siddhartha\.m2\repository\io\springfox\springfox-core\2.7.0\springfox-core-2.7.0.jar;C:\Users\Siddhartha\.m2\repository\io\springfox\springfox-schema\2.7.0\springfox-schema-2.7.0.jar;C:\Users\Siddhartha\.m2\repository\io\springfox\springfox-swagger-common\2.7.0\springfox-swagger-common-2.7.0.jar;C:\Users\Siddhartha\.m2\repository\io\springfox\springfox-spring-web\2.7.0\springfox-spring-web-2.7.0.jar;C:\Users\Siddhartha\.m2\repository\org\reflections\reflections\0.9.11\reflections-0.9.11.jar;C:\Users\Siddhartha\.m2\repository\org\javassist\javassist\3.21.0-GA\javassist-3.21.0-GA.jar;C:\Users\Siddhartha\.m2\repository\com\google\guava\guava\18.0\guava-18.0.jar;C:\Users\Siddhartha\.m2\repository\com\fasterxml\classmate\1.5.1\classmate-1.5.1.jar;C:\Users\Siddhartha\.m2\repository\org\slf4j\slf4j-api\1.7.31\slf4j-api-1.7.31.jar;C:\Users\Siddhartha\.m2\repository\org\springframework\plugin\spring-plugin-core\1.2.0.RELEASE\spring-plugin-core-1.2.0.RELEASE.jar;C:\Users\Siddhartha\.m2\repository\org\springframework\plugin\spring-plugin-metadata\1.2.0.RELEASE\spring-plugin-metadata-1.2.0.RELEASE.jar;C:\Users\Siddhartha\.m2\repository\org\mapstruct\mapstruct\1.1.0.Final\mapstruct-1.1.0.Final.jar;C:\Users\Siddhartha\.m2\repository\io\springfox\springfox-swagger-ui\2.7.0\springfox-swagger-ui-2.7.0.jar;C:\Users\Siddhartha\.m2\repository\javax\xml\bind\jaxb-api\2.3.1\jaxb-api-2.3.1.jar;C:\Users\Siddhartha\.m2\repository\javax\activation\javax.activation-api\1.2.0\javax.activation-api-1.2.0.jar;C:\Users\Siddhartha\.m2\repository\com\github\joschi\jackson\jackson-datatype-threetenbp\2.6.4\jackson-datatype-threetenbp-2.6.4.jar;C:\Users\Siddhartha\.m2\repository\org\threeten\threetenbp\1.3.1\threetenbp-1.3.1.jar;C:\Users\Siddhartha\.m2\repository\com\fasterxml\jackson\core\jackson-core\2.12.4\jackson-core-2.12.4.jar;C:\Users\Siddhartha\.m2\repository\com\fasterxml\jackson\core\jackson-databind\2.12.4\jackson-databind-2.12.4.jar;C:\Users\Siddhartha\.m2\repository\org\springframework\boot\spring-boot-starter-test\2.6.0-SNAPSHOT\spring-boot-starter-test-2.6.0-SNAPSHOT.jar;C:\Users\Siddhartha\.m2\repository\org\springframework\boot\spring-boot-test\2.6.0-SNAPSHOT\spring-boot-test-2.6.0-SNAPSHOT.jar;C:\Users\Siddhartha\.m2\repository\org\springframework\boot\spring-boot-test-autoconfigure\2.6.0-SNAPSHOT\spring-boot-test-autoconfigure-2.6.0-SNAPSHOT.jar;C:\Users\Siddhartha\.m2\repository\com\jayway\jsonpath\json-path\2.6.0\json-path-2.6.0.jar;C:\Users\Siddhartha\.m2\repository\net\minidev\json-smart\2.4.7\json-smart-2.4.7.jar;C:\Users\Siddhartha\.m2\repository\net\minidev\accessors-smart\2.4.7\accessors-smart-2.4.7.jar;C:\Users\Siddhartha\.m2\repository\org\ow2\asm\asm\9.1\asm-9.1.jar;C:\Users\Siddhartha\.m2\repository\jakarta\xml\bind\jakarta.xml.bind-api\2.3.3\jakarta.xml.bind-api-2.3.3.jar;C:\Users\Siddhartha\.m2\repository\jakarta\activation\jakarta.activation-api\1.2.2\jakarta.activation-api-1.2.2.jar;C:\Users\Siddhartha\.m2\repository\org\assertj\assertj-core\3.20.2\assertj-core-3.20.2.jar;C:\Users\Siddhartha\.m2\repository\org\hamcrest\hamcrest\2.2\hamcrest-2.2.jar;C:\Users\Siddhartha\.m2\repository\org\junit\jupiter\junit-jupiter\5.7.2\junit-jupiter-5.7.2.jar;C:\Users\Siddhartha\.m2\repository\org\junit\jupiter\junit-jupiter-api\5.7.2\junit-jupiter-api-5.7.2.jar;C:\Users\Siddhartha\.m2\repository\org\apiguardian\apiguardian-api\1.1.0\apiguardian-api-1.1.0.jar;C:\Users\Siddhartha\.m2\repository\org\opentest4j\opentest4j\1.2.0\opentest4j-1.2.0.jar;C:\Users\Siddhartha\.m2\repository\org\junit\platform\junit-platform-commons\1.7.2\junit-platform-commons-1.7.2.jar;C:\Users\Siddhartha\.m2\repository\org\junit\jupiter\junit-jupiter-params\5.7.2\junit-jupiter-params-5.7.2.jar;C:\Users\Siddhartha\.m2\repository\org\junit\jupiter\junit-jupiter-engine\5.7.2\junit-jupiter-engine-5.7.2.jar;C:\Users\Siddhartha\.m2\repository\org\junit\platform\junit-platform-engine\1.7.2\junit-platform-engine-1.7.2.jar;C:\Users\Siddhartha\.m2\repository\org\mockito\mockito-core\3.11.2\mockito-core-3.11.2.jar;C:\Users\Siddhartha\.m2\repository\net\bytebuddy\byte-buddy\1.11.6\byte-buddy-1.11.6.jar;C:\Users\Siddhartha\.m2\repository\net\bytebuddy\byte-buddy-agent\1.11.6\byte-buddy-agent-1.11.6.jar;C:\Users\Siddhartha\.m2\repository\org\objenesis\objenesis\3.2\objenesis-3.2.jar;C:\Users\Siddhartha\.m2\repository\org\mockito\mockito-junit-jupiter\3.11.2\mockito-junit-jupiter-3.11.2.jar;C:\Users\Siddhartha\.m2\repository\org\skyscreamer\jsonassert\1.5.0\jsonassert-1.5.0.jar;C:\Users\Siddhartha\.m2\repository\com\vaadin\external\google\android-json\0.0.20131108.vaadin1\android-json-0.0.20131108.vaadin1.jar;C:\Users\Siddhartha\.m2\repository\org\springframework\spring-test\5.3.9-SNAPSHOT\spring-test-5.3.9-SNAPSHOT.jar;C:\Users\Siddhartha\.m2\repository\org\xmlunit\xmlunit-core\2.8.2\xmlunit-core-2.8.2.jar;"/>
    <property name="sun.cpu.endian" value="little"/>
    <property name="user.home" value="C:\Users\Siddhartha"/>
    <property name="user.language" value="en"/>
    <property name="java.specification.vendor" value="Oracle Corporation"/>
    <property name="java.version.date" value="2021-01-19"/>
    <property name="java.home" value="C:\Program Files\Java\jdk-11.0.10"/>
    <property name="file.separator" value="\"/>
    <property name="style.color" value="always"/>
    <property name="basedir" value="C:\STS-Workspace\simple-springboot-swagger-codegen"/>
    <property name="java.vm.compressedOopsMode" value="32-bit"/>
    <property name="line.separator" value="&#10;"/>
    <property name="java.specification.name" value="Java Platform API Specification"/>
    <property name="java.vm.specification.vendor" value="Oracle Corporation"/>
    <property name="java.awt.graphicsenv" value="sun.awt.Win32GraphicsEnvironment"/>
    <property name="surefire.real.class.path" value="C:\Users\SIDDHA~1\AppData\Local\Temp\surefire3613843172736012375\surefirebooter17258563048808589197.jar"/>
    <property name="user.script" value=""/>
    <property name="sun.management.compiler" value="HotSpot 64-Bit Tiered Compilers"/>
    <property name="java.runtime.version" value="11.0.10+8-LTS-162"/>
    <property name="user.name" value="Siddhartha"/>
    <property name="path.separator" value=";"/>
    <property name="os.version" value="10.0"/>
    <property name="java.runtime.name" value="Java(TM) SE Runtime Environment"/>
    <property name="file.encoding" value="Cp1252"/>
    <property name="java.vm.name" value="Java HotSpot(TM) 64-Bit Server VM"/>
    <property name="java.vendor.version" value="18.9"/>
    <property name="localRepository" value="C:\Users\Siddhartha\.m2\repository"/>
    <property name="java.vendor.url.bug" value="https://bugreport.java.com/bugreport/"/>
    <property name="java.io.tmpdir" value="C:\Users\SIDDHA~1\AppData\Local\Temp\"/>
    <property name="java.version" value="11.0.10"/>
    <property name="user.dir" value="C:\STS-Workspace\simple-springboot-swagger-codegen"/>
    <property name="os.arch" value="amd64"/>
    <property name="java.vm.specification.name" value="Java Virtual Machine Specification"/>
    <property name="java.awt.printerjob" value="sun.awt.windows.WPrinterJob"/>
    <property name="sun.os.patch.level" value=""/>
    <property name="java.library.path" value="C:\Program Files\Java\jdk-11.0.10\bin;C:\Windows\Sun\Java\bin;C:\Windows\system32;C:\Windows;C:/sts-4.10.0.RELEASE//plugins/org.eclipse.justj.openjdk.hotspot.jre.full.win32.x86_64_15.0.2.v20210201-0955/jre/bin/server;C:/sts-4.10.0.RELEASE//plugins/org.eclipse.justj.openjdk.hotspot.jre.full.win32.x86_64_15.0.2.v20210201-0955/jre/bin;C:\app\Siddhartha\product\18.0.0\dbhomeXE\bin;C:\Program Files\Java\jdk-11.0.10\bin;C:\Program Files (x86)\Common Files\Oracle\Java\javapath;C:\Program Files\Common Files\Oracle\Java\javapath;C:\Windows\system32;C:\Windows;C:\Windows\System32\Wbem;C:\Windows\System32\WindowsPowerShell\v1.0\;C:\Windows\System32\OpenSSH\;C:\Program Files (x86)\Brackets\command;C:\Program Files\Git\cmd;C:\cygwin64;C:\Strawberry\c\bin;C:\Strawberry\perl\site\bin;C:\Strawberry\perl\bin;C:\Program Files\dotnet\;C:\Program Files\Microsoft SQL Server\130\Tools\Binn\;C:\Program Files\Microsoft SQL Server\Client SDK\ODBC\170\Tools\Binn\;C:\Program Files\Go\bin;C:\ProgramData\chocolatey\bin;C:\nvm;C:\Program Files\nodejs;C:\Program Files\TortoiseSVN\bin;C:\kafka-2.7.0-src\bin\windows;C:\curl-7.75.0-win64-mingw\bin;C:\kubectl;C:\istio-1.10.1\bin;C:\Program Files\Calibre2\;C:\prometheus-2.26.0.windows-amd64;C:\gradle-6.8.3\bin;C:\Program Files\TortoiseGit\bin;C:\Program Files\GrafanaLabs\grafana\bin;C:\jaeger-1.22.0-windows-amd64;C:\Program Files\td-agent-bit\bin;C:\kibana-7.12.1-windows-x86_64\bin;C:\logstash-7.12.1\bin;C:\elasticsearch-7.12.1\bin;C:\filebeat-7.12.1-windows-x86_64;C:\Program Files\td-agent-bit\bin;C:\Program Files\Kubernetes\Minikube;C:\opt\td-agent\bin;C:\Program Files\WinMerge;C:\Program Files\Docker\Docker\resources\bin;C:\ProgramData\DockerDesktop\version-bin;C:\datree-cli_0.1.708_windows_x86_64;C:\Program Files\MySQL\MySQL Shell 8.0\bin\;C:\Program Files\Java\jdk-11.0.10\bin;C:\Users\Siddhartha\AppData\Local\Programs\Python\Python39\Scripts\;C:\Users\Siddhartha\AppData\Local\Programs\Python\Python39\;C:\Users\Siddhartha\AppData\Local\Microsoft\WindowsApps;C:\Users\Siddhartha\AppData\Local\GitHubDesktop\bin;C:\apache-maven-3.6.3\bin;C:\Microsoft VS Code\bin;C:\cygwin64;C:\Strawberry\perl\bin;C:\Users\Siddhartha\.dotnet\tools;C:\PyCharm 2020.3.4\bin;;C:\Users\Siddhartha\go\bin;C:\Program Files\JetBrains\IntelliJ IDEA 2020.3.3\bin;;C:\Users\Siddhartha\AppData\Roaming\npm;C:\nvm;C:\Program Files\nodejs;C:\app\Siddhartha\product\18.0.0\dbhomeXE;C:\kafka-2.7.0-src\bin\windows;C:\curl-7.75.0-win64-mingw\bin;C:\kubectl;C:\istio-1.10.1\bin;C:\prometheus-2.26.0.windows-amd64;C:\gradle-6.8.3\bin;C:\Program Files\GrafanaLabs\grafana\bin;C:\jaeger-1.22.0-windows-amd64;C:\Program Files\td-agent-bit\bin;C:\kibana-7.12.1-windows-x86_64\bin;C:\logstash-7.12.1\bin;C:\elasticsearch-7.12.1\bin;C:\filebeat-7.12.1-windows-x86_64;C:\Program Files\td-agent-bit\bin;C:\opt\td-agent\bin;C:\datree-cli_0.1.708_windows_x86_64;;C:\sts-4.10.0.RELEASE;;."/>
    <property name="java.vendor" value="Oracle Corporation"/>
    <property name="java.vm.info" value="mixed mode"/>
    <property name="java.vm.version" value="11.0.10+8-LTS-162"/>
    <property name="sun.io.unicode.encoding" value="UnicodeLittle"/>
    <property name="java.class.version" value="55.0"/>
  </properties>
  <testcase name="contextLoads" classname="com.siddhu.SimpleSpringbootSwaggerCodegenApplicationTests" time="0.605"/>
</testsuite>